2023-07-24T00:32:30.859Z
Error: ENOENT: no such file or directory, stat '/Users/alexmerola/Developer/momsrecipes/doc/database.dbml'
    at Object.statSync (node:fs:1706:3)
    at validateFilePlugin (/opt/homebrew/lib/node_modules/@dbml/cli/lib/cli/validatePlugins/validatePlugins.js:10:28)
    at /opt/homebrew/lib/node_modules/@dbml/cli/lib/cli/utils.js:21:31
    at Array.every (<anonymous>)
    at validateInputFilePaths (/opt/homebrew/lib/node_modules/@dbml/cli/lib/cli/utils.js:21:16)
    at exportHandler (/opt/homebrew/lib/node_modules/@dbml/cli/lib/cli/export.js:21:39)
    at Object.dbml2sql (/opt/homebrew/lib/node_modules/@dbml/cli/lib/cli/index.js:19:23)
    at Object.<anonymous> (/opt/homebrew/lib/node_modules/@dbml/cli/bin/dbml2sql.js:4:19)
    at Module._compile (node:internal/modules/cjs/loader:1233:14)
    at Module._extensions..js (node:internal/modules/cjs/loader:1287:10)

2023-07-24T13:04:29.779Z
SyntaxError: You have a syntax error at "database.dbml" line 15 column 24. Can't find table "null"."cuisine_type"
    at /opt/homebrew/lib/node_modules/@dbml/cli/lib/cli/utils.js:45:13
    at Array.forEach (<anonymous>)
    at generate (/opt/homebrew/lib/node_modules/@dbml/cli/lib/cli/utils.js:39:14)
    at exportHandler (/opt/homebrew/lib/node_modules/@dbml/cli/lib/cli/export.js:28:27)
    at Object.dbml2sql (/opt/homebrew/lib/node_modules/@dbml/cli/lib/cli/index.js:19:23)
    at Object.<anonymous> (/opt/homebrew/lib/node_modules/@dbml/cli/bin/dbml2sql.js:4:19)
    at Module._compile (node:internal/modules/cjs/loader:1233:14)
    at Module._extensions..js (node:internal/modules/cjs/loader:1287:10)
    at Module.load (node:internal/modules/cjs/loader:1091:32)
    at Module._load (node:internal/modules/cjs/loader:938:12)

ROOT_ERROR:
Error: Can't find table "null"."cuisine_type"
    at Endpoint.error (/opt/homebrew/lib/node_modules/@dbml/cli/node_modules/@dbml/core/lib/model_structure/element.js:55:13)
    at new Endpoint (/opt/homebrew/lib/node_modules/@dbml/cli/node_modules/@dbml/core/lib/model_structure/endpoint.js:59:13)
    at /opt/homebrew/lib/node_modules/@dbml/cli/node_modules/@dbml/core/lib/model_structure/ref.js:71:31
    at Array.forEach (<anonymous>)
    at Ref.processEndpoints (/opt/homebrew/lib/node_modules/@dbml/cli/node_modules/@dbml/core/lib/model_structure/ref.js:70:20)
    at new Ref (/opt/homebrew/lib/node_modules/@dbml/cli/node_modules/@dbml/core/lib/model_structure/ref.js:58:11)
    at /opt/homebrew/lib/node_modules/@dbml/cli/node_modules/@dbml/core/lib/model_structure/database.js:133:28
    at Array.forEach (<anonymous>)
    at Database.processSchemaElements (/opt/homebrew/lib/node_modules/@dbml/cli/node_modules/@dbml/core/lib/model_structure/database.js:107:16)
    at new Database (/opt/homebrew/lib/node_modules/@dbml/cli/node_modules/@dbml/core/lib/model_structure/database.js:68:11)
{"start":{"offset":464,"line":15,"column":24},"end":{"offset":486,"line":15,"column":46}}

2023-07-24T13:21:31.701Z
Error: ENOENT: no such file or directory, stat '/Users/alexmerola/Developer/momsrecipes/doc/db.dbml'
    at Object.statSync (node:fs:1706:3)
    at validateFilePlugin (/opt/homebrew/lib/node_modules/@dbml/cli/lib/cli/validatePlugins/validatePlugins.js:10:28)
    at /opt/homebrew/lib/node_modules/@dbml/cli/lib/cli/utils.js:21:31
    at Array.every (<anonymous>)
    at validateInputFilePaths (/opt/homebrew/lib/node_modules/@dbml/cli/lib/cli/utils.js:21:16)
    at exportHandler (/opt/homebrew/lib/node_modules/@dbml/cli/lib/cli/export.js:21:39)
    at Object.dbml2sql (/opt/homebrew/lib/node_modules/@dbml/cli/lib/cli/index.js:19:23)
    at Object.<anonymous> (/opt/homebrew/lib/node_modules/@dbml/cli/bin/dbml2sql.js:4:19)
    at Module._compile (node:internal/modules/cjs/loader:1233:14)
    at Module._extensions..js (node:internal/modules/cjs/loader:1287:10)

